[1/74] A_biophysical_account_of_multiplication_by_a_single_neuron/ED Fig. 10/edfig10a.tif (12.0 MB)
  -> done
[2/74] A_biophysical_account_of_multiplication_by_a_single_neuron/ED Fig. 10/edfig10c.tif (12.0 MB)
[1/74] skip A_biophysical_account_of_multiplication_by_a_single_neuron/ED Fig. 10/edfig10a.tif (12.0 MB)
[2/74] done A_biophysical_account_of_multiplication_by_a_single_neuron/ED Fig. 10/edfig10c.tif (12.0 MB)
[3/74] done A_biophysical_account_of_multiplication_by_a_single_neuron/ED Fig. 10/edfig10.ipynb (0.5 MB)
[4/74] done A_biophysical_account_of_multiplication_by_a_single_neuron/ED Fig. 1/edfig1a_C3.tif (1.7 MB)
[5/74] done A_biophysical_account_of_multiplication_by_a_single_neuron/ED Fig. 10/edfig10_R59E08_R42F06_barfixation.csv (280.9 MB)
[6/74] done A_biophysical_account_of_multiplication_by_a_single_neuron/ED Fig. 1/edfig1a_Mi9.tif (2.3 MB)
[7/74] done A_biophysical_account_of_multiplication_by_a_single_neuron/ED Fig. 1/edfig1a_Tm3.tif (1.7 MB)
[8/74] done A_biophysical_account_of_multiplication_by_a_single_neuron/ED Fig. 1/edfig1a_T4.tif (4.7 MB)
[9/74] done A_biophysical_account_of_multiplication_by_a_single_neuron/ED Fig. 1/edfig1a_Mi1.tif (1.7 MB)
[10/74] done A_biophysical_account_of_multiplication_by_a_single_neuron/ED Fig. 2/edfig2.ipynb (0.1 MB)
[11/74] done A_biophysical_account_of_multiplication_by_a_single_neuron/ED Fig. 1/edfig1.ipynb (0.1 MB)
[12/74] done A_biophysical_account_of_multiplication_by_a_single_neuron/ED Fig. 2/edfig2_on.npy (1.0 MB)
[13/74] done A_biophysical_account_of_multiplication_by_a_single_neuron/ED Fig. 3/edfig3_left.tif (5.8 MB)
[14/74] done A_biophysical_account_of_multiplication_by_a_single_neuron/ED Fig. 3/edfig3_right.tif (5.8 MB)
[15/74] done A_biophysical_account_of_multiplication_by_a_single_neuron/ED Fig. 4/edfig4c_CT1synlocs.npy (0.0 MB)
[16/74] done A_biophysical_account_of_multiplication_by_a_single_neuron/ED Fig. 4/edfig4c_C3synlocs.npy (0.0 MB)
[17/74] done A_biophysical_account_of_multiplication_by_a_single_neuron/ED Fig. 4/edfig4c_Mi4synlocs.npy (0.0 MB)
[18/74] done A_biophysical_account_of_multiplication_by_a_single_neuron/ED Fig. 2/edfig2_off.npy (1.0 MB)
[19/74] done A_biophysical_account_of_multiplication_by_a_single_neuron/ED Fig. 4/edfig4c_Mi9synlocs.npy (0.0 MB)
[20/74] done A_biophysical_account_of_multiplication_by_a_single_neuron/ED Fig. 4/edfig4c_T4a_85.swc (0.1 MB)
[21/74] done A_biophysical_account_of_multiplication_by_a_single_neuron/ED Fig. 4/edfig4c_Tm3synlocs.npy (0.0 MB)
[22/74] done A_biophysical_account_of_multiplication_by_a_single_neuron/ED Fig. 4/edfig4_rins_ratios.npy (0.0 MB)
[23/74] done A_biophysical_account_of_multiplication_by_a_single_neuron/ED Fig. 4/edfig4c_Mi1synlocs.npy (0.0 MB)
[24/74] done A_biophysical_account_of_multiplication_by_a_single_neuron/ED Fig. 5/edfig5.ipynb (0.1 MB)
[25/74] done A_biophysical_account_of_multiplication_by_a_single_neuron/ED Fig. 6/edfig6.ipynb (1.7 MB)
[26/74] done A_biophysical_account_of_multiplication_by_a_single_neuron/ED Fig. 4/edfig4.ipynb (0.2 MB)
[27/74] done A_biophysical_account_of_multiplication_by_a_single_neuron/ED Fig. 7/edfig7.ipynb (0.2 MB)
[28/74] done A_biophysical_account_of_multiplication_by_a_single_neuron/ED Fig. 8/edfig8.ipynb (0.0 MB)
[29/74] done A_biophysical_account_of_multiplication_by_a_single_neuron/ED Fig. 6/edfig6_posterior.csv (1.2 MB)
[30/74] done A_biophysical_account_of_multiplication_by_a_single_neuron/ED Fig. 9/edfig9_20200310_T4_1.npy (0.1 MB)
[31/74] done A_biophysical_account_of_multiplication_by_a_single_neuron/ED Fig. 9/edfig9_20200918_T4_1.npy (0.1 MB)
[32/74] done A_biophysical_account_of_multiplication_by_a_single_neuron/environment.yml (0.0 MB)
[33/74] done A_biophysical_account_of_multiplication_by_a_single_neuron/ED Fig. 9/edfig9.ipynb (0.1 MB)
[34/74] done A_biophysical_account_of_multiplication_by_a_single_neuron/Fig. 1/fig1e_receptive_fields.npy (21.3 MB)
[35/74] done A_biophysical_account_of_multiplication_by_a_single_neuron/Fig. 1/fig1d_receptive_fields.npy (33.9 MB)
[36/74] done A_biophysical_account_of_multiplication_by_a_single_neuron/Fig. 1/fig1.ipynb (0.5 MB)
[37/74] done A_biophysical_account_of_multiplication_by_a_single_neuron/ED Fig. 1/edfig1a_Mi4.tif (1.7 MB)
[38/74] done A_biophysical_account_of_multiplication_by_a_single_neuron/Fig. 2/fig2d_20190201_T4-2.csv (7.5 MB)
[39/74] FAIL A_biophysical_account_of_multiplication_by_a_single_neuron/Fig. 1/fig1g_grating.csv: size mismatch: got 0, expected 175831752
[40/74] FAIL A_biophysical_account_of_multiplication_by_a_single_neuron/Fig. 1/fig1fg_grating.csv: size mismatch: got 0, expected 581914740
[41/74] done A_biophysical_account_of_multiplication_by_a_single_neuron/Fig. 2/fig2e_rin.csv (0.0 MB)
[42/74] done A_biophysical_account_of_multiplication_by_a_single_neuron/Fig. 2/fig2fedfig4b_iv.csv (0.0 MB)
[43/74] done A_biophysical_account_of_multiplication_by_a_single_neuron/Fig. 2/fig2g_rmp.csv (0.0 MB)
[44/74] done A_biophysical_account_of_multiplication_by_a_single_neuron/Fig. 2/fig2h_rin.csv (0.0 MB)
[45/74] done A_biophysical_account_of_multiplication_by_a_single_neuron/Fig. 3/fig3_C3.npy (2.0 MB)
[46/74] done A_biophysical_account_of_multiplication_by_a_single_neuron/Fig. 2/fig2bc_vm.csv (321.7 MB)
[47/74] done A_biophysical_account_of_multiplication_by_a_single_neuron/Fig. 3/fig3.ipynb (0.3 MB)
[48/74] done A_biophysical_account_of_multiplication_by_a_single_neuron/Fig. 3/fig3_led.npy (0.2 MB)
[49/74] done A_biophysical_account_of_multiplication_by_a_single_neuron/Fig. 3/fig3_Mi1.npy (2.9 MB)
[50/74] done A_biophysical_account_of_multiplication_by_a_single_neuron/Fig. 3/fig3_Mi9.npy (3.5 MB)
[51/74] done A_biophysical_account_of_multiplication_by_a_single_neuron/Fig. 3/fig3_T4r.npy (8.1 MB)
[52/74] done A_biophysical_account_of_multiplication_by_a_single_neuron/Fig. 3/fig3_T4v.npy (8.1 MB)
[53/74] done A_biophysical_account_of_multiplication_by_a_single_neuron/Fig. 2/fig2.ipynb (0.3 MB)
[54/74] done A_biophysical_account_of_multiplication_by_a_single_neuron/Fig. 3/fig3_Tm3.npy (1.5 MB)
[55/74] done A_biophysical_account_of_multiplication_by_a_single_neuron/Fig. 3/fig3_Mi4.npy (2.3 MB)
[56/74] done A_biophysical_account_of_multiplication_by_a_single_neuron/Fig. 4/fig4.ipynb (0.1 MB)
[57/74] done A_biophysical_account_of_multiplication_by_a_single_neuron/Fig. 4/fig4_T4_rin_gluclarnai.npy (1.4 MB)
[58/74] done A_biophysical_account_of_multiplication_by_a_single_neuron/Fig. 4/fig4_T4_vm_gfp.npy (3.0 MB)
[59/74] done A_biophysical_account_of_multiplication_by_a_single_neuron/Fig. 4/fig4_T4_vm_gluclarnai.npy (1.4 MB)
[60/74] done A_biophysical_account_of_multiplication_by_a_single_neuron/Fig. 5/fig5b_vm_gfp.npy (0.2 MB)
[61/74] done A_biophysical_account_of_multiplication_by_a_single_neuron/Fig. 5/fig5b_vm_gluclarnai.npy (0.2 MB)
[62/74] done A_biophysical_account_of_multiplication_by_a_single_neuron/Fig. 5/fig5b_vm_nmdar1rnai.npy (0.2 MB)
[63/74] done A_biophysical_account_of_multiplication_by_a_single_neuron/Fig. 5/fig5c_pvm_gluclarnai.npy (0.0 MB)
[64/74] done A_biophysical_account_of_multiplication_by_a_single_neuron/Fig. 5/fig5c_pvm_gfp.npy (0.0 MB)
[65/74] done A_biophysical_account_of_multiplication_by_a_single_neuron/Fig. 4/fig4_T4_rin_gfp.npy (3.0 MB)
[66/74] done A_biophysical_account_of_multiplication_by_a_single_neuron/Fig. 5/fig5c_pvm_nmdar1rnai.npy (0.0 MB)
[67/74] done A_biophysical_account_of_multiplication_by_a_single_neuron/Fig. 5/fig5_dvm_gfp.npy (0.0 MB)
[68/74] done A_biophysical_account_of_multiplication_by_a_single_neuron/Fig. 5/fig5_dvm_gluclarnai.npy (0.0 MB)
[69/74] done A_biophysical_account_of_multiplication_by_a_single_neuron/Fig. 5/fig5_dvm_nmdar1rnai.npy (0.0 MB)
[70/74] done A_biophysical_account_of_multiplication_by_a_single_neuron/Fig. 5/fig5.ipynb (0.8 MB)
[71/74] done A_biophysical_account_of_multiplication_by_a_single_neuron/readme.txt (0.0 MB)
[72/74] done A_biophysical_account_of_multiplication_by_a_single_neuron/Fig. 2/fig2fedfig4b_currents.csv (131.4 MB)
[73/74] done A_biophysical_account_of_multiplication_by_a_single_neuron/Fig. 5/fig5_R39H12_barfixation.csv (1530.2 MB)
[74/74] done A_biophysical_account_of_multiplication_by_a_single_neuron/Fig. 5/fig5_R39H12_edges.csv (2494.0 MB)

Finished: 71 downloaded, 1 skipped, 2 failed

=== Round 1: 2 missing, 0 bad size ===
Pending: 2 (2 large, 0 small)
done A_biophysical_account_of_multiplication_by_a_single_neuron/Fig. 1/fig1fg_grating.csv (555.0 MB)
done A_biophysical_account_of_multiplication_by_a_single_neuron/Fig. 1/fig1g_grating.csv (167.7 MB)
Round 1: 2 downloaded, 0 failed

All 74 files verified (5.91 / 5.91 GB)
